c:\users\wojtek\desktop\gierka\c-_sfml_game-master\game\game\release\vc141.pdb
c:\users\wojtek\desktop\gierka\c-_sfml_game-master\game\game\release\wolf.obj
c:\users\wojtek\desktop\gierka\c-_sfml_game-master\game\game\release\statemachine.obj
c:\users\wojtek\desktop\gierka\c-_sfml_game-master\game\game\release\splashstate.obj
c:\users\wojtek\desktop\gierka\c-_sfml_game-master\game\game\release\shewolf.obj
c:\users\wojtek\desktop\gierka\c-_sfml_game-master\game\game\release\mainmenustate.obj
c:\users\wojtek\desktop\gierka\c-_sfml_game-master\game\game\release\main.obj
c:\users\wojtek\desktop\gierka\c-_sfml_game-master\game\game\release\inputmanager.obj
c:\users\wojtek\desktop\gierka\c-_sfml_game-master\game\game\release\hare.obj
c:\users\wojtek\desktop\gierka\c-_sfml_game-master\game\game\release\gridcell.obj
c:\users\wojtek\desktop\gierka\c-_sfml_game-master\game\game\release\grid.obj
c:\users\wojtek\desktop\gierka\c-_sfml_game-master\game\game\release\gamestate.obj
c:\users\wojtek\desktop\gierka\c-_sfml_game-master\game\game\release\game.obj
c:\users\wojtek\desktop\gierka\c-_sfml_game-master\game\game\release\entity.obj
c:\users\wojtek\desktop\gierka\c-_sfml_game-master\game\game\release\collision.obj
c:\users\wojtek\desktop\gierka\c-_sfml_game-master\game\game\release\assetmanager.obj
c:\users\wojtek\desktop\gierka\c-_sfml_game-master\game\game\release\animal.obj
c:\users\wojtek\desktop\gierka\c-_sfml_game-master\game\game\release\aabb.obj
c:\users\wojtek\desktop\gierka\c-_sfml_game-master\game\release\game.ipdb
c:\users\wojtek\desktop\gierka\c-_sfml_game-master\game\release\game.iobj
c:\users\wojtek\desktop\gierka\c-_sfml_game-master\game\release\game.exe
c:\users\wojtek\desktop\gierka\c-_sfml_game-master\game\release\game.pdb
c:\users\wojtek\desktop\gierka\c-_sfml_game-master\game\game\release\game.tlog\cl.command.1.tlog
c:\users\wojtek\desktop\gierka\c-_sfml_game-master\game\game\release\game.tlog\cl.read.1.tlog
c:\users\wojtek\desktop\gierka\c-_sfml_game-master\game\game\release\game.tlog\cl.write.1.tlog
c:\users\wojtek\desktop\gierka\c-_sfml_game-master\game\game\release\game.tlog\game.write.1u.tlog
c:\users\wojtek\desktop\gierka\c-_sfml_game-master\game\game\release\game.tlog\link.command.1.tlog
c:\users\wojtek\desktop\gierka\c-_sfml_game-master\game\game\release\game.tlog\link.read.1.tlog
c:\users\wojtek\desktop\gierka\c-_sfml_game-master\game\game\release\game.tlog\link.write.1.tlog
